-------------------------------------------------------------------------------
Test set: tests.CreateAPlaylistImproved2Tests
-------------------------------------------------------------------------------
Tests run: 5, Failures: 1, Errors: 0, Skipped: 0, Time elapsed: 23.968 s <<< FAILURE! - in tests.CreateAPlaylistImproved2Tests
validateGetAPlaylist(tests.CreateAPlaylistImproved2Tests)  Time elapsed: 1.958 s  <<< FAILURE!
java.lang.AssertionError: 

Expected: "New Playlist 7th "
     but: was "update"
	at tests.CreateAPlaylistImproved2Tests.validateGetAPlaylist(CreateAPlaylistImproved2Tests.java:53)

