<?xml version="1.0" encoding="UTF-8"?>
<testsuite xmlns:xsi="http://www.w3.org/2001/XMLSchema-instance" xsi:noNamespaceSchemaLocation="https://maven.apache.org/surefire/maven-surefire-plugin/xsd/surefire-test-report.xsd" name="tests.CreateAPlaylistImproved2Tests" time="23.968" tests="5" errors="0" skipped="0" failures="1">
  <properties>
[...]
</properties>
  <testcase name="NegariveInvalidToken" classname="tests.CreateAPlaylistImproved2Tests" time="10.598"/>
  <testcase name="negativeCreatePlaylistWithoutName" classname="tests.CreateAPlaylistImproved2Tests" time="3.823"/>
  <testcase name="validateCreateAPlaylist" classname="tests.CreateAPlaylistImproved2Tests" time="4.595"/>
  <testcase name="validateGetAPlaylist" classname="tests.CreateAPlaylistImproved2Tests" time="1.958">
    <failure message="&#10;Expected: &quot;New Playlist 7th &quot;&#10;     but: was &quot;update&quot;" type="java.lang.AssertionError">java.lang.AssertionError: 

Expected: "New Playlist 7th "
     but: was "update"
	at tests.CreateAPlaylistImproved2Tests.validateGetAPlaylist(CreateAPlaylistImproved2Tests.java:53)
</failure>
    <system-out><![CDATA[Request method:	POST
Request URI:	https://accounts.spotify.com/api/token
Proxy:			<none>
Request params:	<none>
Query params:	<none>
Form params:	refresh_token=AQAfNBoqL-559iPRsiPTSsACSzgZ2Ax3uf2sZ2uz9FOHY7NDYfZ2Q56JuWxeCvLQCVyMkO8AZIo6faUmfwhdAsJdmuzCmOy91r9nN0qqCI_0cZrnpAV10TOWhUJZ0hK4_OE
				grant_type=refresh_token
				client_secret=468eccece25f4ab2baff90d5d026759e
				client_id=cd9b16c4f9e14e0f861c8425adf0ea4a
Path params:	<none>
Headers:		Accept=*/*
				Content-Type=application/x-www-form-urlencoded; charset=ISO-8859-1
Cookies:		<none>
Multiparts:		<none>
Body:			<none>
HTTP/1.1 200 OK
date: Mon, 19 May 2025 10:22:26 GMT
content-type: application/json
vary: Accept-Encoding
request-id: 4afa2a63-f126-4fd2-a852-caa0139a7916
set-cookie: __Host-device_id=AQD6CNNt4OtQr1QEyI4wPhkoIUx9Ds4L5Mdx-3X8yVeyZ6P_fibsGC6_GyBDM8vzlgRbEy8sBQv8G2nG5_49iWRXJZfQkIfX-mg;Version=1;Path=/;Max-Age=2147483647;Secure;HttpOnly;SameSite=Lax
set-cookie: sp_tr=false;Version=1;Domain=accounts.spotify.com;Path=/;Secure;SameSite=Lax
sp-trace-id: 9ab625a102ac4fc9
content-encoding: gzip
x-envoy-upstream-service-time: 24
server: envoy
strict-transport-security: max-age=31536000
x-content-type-options: nosniff
Via: HTTP/2 edgeproxy, 1.1 google
Alt-Svc: h3=":443"; ma=2592000,h3-29=":443"; ma=2592000
Transfer-Encoding: chunked

{
    "access_token": "BQCnzE67yMeH8d-8gY10lK6okNz8YdyyWFMBMgg1qi9_lLYxq9xGm2YyUMCH50aL5Nozt7dnfig5K1nZU6Ti_zVXvTlZU6qXO72avtraNOzyQ2fhu8xLOsJkYA7TonaL3OhSgcliHIbEswv_cxIiThNhDxW2lDnBbJ6hD1T0Jg-kVILGq28Dw6tVm5YEpd-DEH6vV3ZfV80wVtBWCFvlxImIHbzC87kXOOe-VX1dMulXMqfgdSwd_MH6soobpSIPCAlD-B8yR0iBl9vh0nMwYsCNZAM5Voab35X3BMEve3eKFWli_DXFyLPM",
    "token_type": "Bearer",
    "expires_in": 3600,
    "scope": "playlist-read-private playlist-read-collaborative playlist-modify-private playlist-modify-public"
}
Request method:	GET
Request URI:	https://api.spotify.com/v1/playlists/6IoL4Nt81lt5qzwJsfCFDi
Proxy:			<none>
Request params:	<none>
Query params:	<none>
Form params:	<none>
Path params:	<none>
Headers:		Authorization=Bearer BQCnzE67yMeH8d-8gY10lK6okNz8YdyyWFMBMgg1qi9_lLYxq9xGm2YyUMCH50aL5Nozt7dnfig5K1nZU6Ti_zVXvTlZU6qXO72avtraNOzyQ2fhu8xLOsJkYA7TonaL3OhSgcliHIbEswv_cxIiThNhDxW2lDnBbJ6hD1T0Jg-kVILGq28Dw6tVm5YEpd-DEH6vV3ZfV80wVtBWCFvlxImIHbzC87kXOOe-VX1dMulXMqfgdSwd_MH6soobpSIPCAlD-B8yR0iBl9vh0nMwYsCNZAM5Voab35X3BMEve3eKFWli_DXFyLPM
				Accept=*/*
Cookies:		<none>
Multiparts:		<none>
Body:			<none>
HTTP/1.1 200 OK
content-type: application/json; charset=utf-8
cache-control: public, max-age=0
etag: "MC-IjkyZjRiNzBmODYwN2VhOTgzMDhkMTVlZDE1Y2FkM2EwIg=="
x-robots-tag: noindex, nofollow
access-control-allow-origin: *
access-control-allow-headers: Accept, App-Platform, Authorization, Content-Type, Origin, Retry-After, Spotify-App-Version, X-Cloud-Trace-Context, client-token, content-access-token
access-control-allow-methods: GET, POST, OPTIONS, PUT, DELETE, PATCH
access-control-allow-credentials: true
access-control-max-age: 604800
content-encoding: gzip
strict-transport-security: max-age=31536000
x-content-type-options: nosniff
date: Mon, 19 May 2025 10:22:27 GMT
server: envoy
Via: HTTP/2 edgeproxy, 1.1 google
Alt-Svc: h3=":443"; ma=2592000,h3-29=":443"; ma=2592000
Transfer-Encoding: chunked

{
    "collaborative": false,
    "description": "update",
    "external_urls": {
        "spotify": "https://open.spotify.com/playlist/6IoL4Nt81lt5qzwJsfCFDi"
    },
    "followers": {
        "href": null,
        "total": 0
    },
    "href": "https://api.spotify.com/v1/playlists/6IoL4Nt81lt5qzwJsfCFDi",
    "id": "6IoL4Nt81lt5qzwJsfCFDi",
    "images": null,
    "name": "update",
    "owner": {
        "display_name": "Akshay",
        "external_urls": {
            "spotify": "https://open.spotify.com/user/31cf6242qwqdkxzzmgfch6jswbc4"
        },
        "href": "https://api.spotify.com/v1/users/31cf6242qwqdkxzzmgfch6jswbc4",
        "id": "31cf6242qwqdkxzzmgfch6jswbc4",
        "type": "user",
        "uri": "spotify:user:31cf6242qwqdkxzzmgfch6jswbc4"
    },
    "primary_color": null,
    "public": true,
    "snapshot_id": "AAAAAoPfnU5ElPSdu8epEfUtd0Q5e1gf",
    "tracks": {
        "href": "https://api.spotify.com/v1/playlists/6IoL4Nt81lt5qzwJsfCFDi/tracks?offset=0&limit=0",
        "items": [
            
        ],
        "limit": 0,
        "next": null,
        "offset": 0,
        "previous": null,
        "total": 0
    },
    "type": "playlist",
    "uri": "spotify:playlist:6IoL4Nt81lt5qzwJsfCFDi"
}
]]></system-out>
  </testcase>
  <testcase name="validateUpdateAplaylist" classname="tests.CreateAPlaylistImproved2Tests" time="1.463"/>
</testsuite>